[2025-08-31 08:52:48] [32minfo[39m: 🚀 Starting server...
[2025-08-31 09:00:38] [32minfo[39m: Starting Express application...
[2025-08-31 09:00:38] [32minfo[39m: 🚀 Starting server...
[2025-08-31 09:00:38] [32minfo[39m: 📦 Connecting to database...
[2025-08-31 09:00:38] [32minfo[39m: ✅ Connected to database
[2025-08-31 09:00:38] [32minfo[39m: 🔴 Connecting to Redis...
[2025-08-31 09:00:38] [32minfo[39m: ✅ Connected to Redis
[2025-08-31 09:00:38] [32minfo[39m: 🚀 Server running on localhost:3000
[2025-08-31 09:00:38] [32minfo[39m: 📚 API Docs: http://localhost:3000/api-docs
[2025-08-31 09:00:46] [32minfo[39m: Starting Express application...
[2025-08-31 09:00:46] [32minfo[39m: 🚀 Starting server...
[2025-08-31 09:00:46] [32minfo[39m: 📦 Connecting to database...
[2025-08-31 09:00:46] [32minfo[39m: ✅ Connected to database
[2025-08-31 09:00:46] [32minfo[39m: 🔴 Connecting to Redis...
[2025-08-31 09:00:46] [32minfo[39m: ✅ Connected to Redis
[2025-08-31 09:00:46] [32minfo[39m: 🚀 Server running on localhost:3000
[2025-08-31 09:00:46] [32minfo[39m: 📚 API Docs: http://localhost:3000/api-docs
[2025-08-31 09:02:08] [32minfo[39m: Starting Express application...
[2025-08-31 09:02:08] [32minfo[39m: 🚀 Starting server...
[2025-08-31 09:02:08] [32minfo[39m: 📦 Connecting to database...
[2025-08-31 09:02:08] [32minfo[39m: ✅ Connected to database
[2025-08-31 09:02:08] [32minfo[39m: 🔴 Connecting to Redis...
[2025-08-31 09:02:08] [32minfo[39m: ✅ Connected to Redis
[2025-08-31 09:02:08] [32minfo[39m: 🚀 Server running on localhost:3000
[2025-08-31 09:02:08] [32minfo[39m: 📚 API Docs: http://localhost:3000/api-docs
[2025-08-31 09:02:19] [32minfo[39m: Starting Express application...
[2025-08-31 09:02:19] [32minfo[39m: 🚀 Starting server...
[2025-08-31 09:02:19] [32minfo[39m: 📦 Connecting to database...
[2025-08-31 09:02:19] [32minfo[39m: ✅ Connected to database
[2025-08-31 09:02:19] [32minfo[39m: 🔴 Connecting to Redis...
[2025-08-31 09:02:19] [32minfo[39m: ✅ Connected to Redis
[2025-08-31 09:02:19] [32minfo[39m: 🚀 Server running on localhost:3000
[2025-08-31 09:02:19] [32minfo[39m: 📚 API Docs: http://localhost:3000/api-docs
[2025-08-31 09:02:36] [32minfo[39m: Starting Express application...
[2025-08-31 09:02:36] [32minfo[39m: 🚀 Starting server...
[2025-08-31 09:02:36] [32minfo[39m: 📦 Connecting to database...
[2025-08-31 09:02:36] [32minfo[39m: ✅ Connected to database
[2025-08-31 09:02:36] [32minfo[39m: 🔴 Connecting to Redis...
[2025-08-31 09:02:36] [32minfo[39m: ✅ Connected to Redis
[2025-08-31 09:02:36] [32minfo[39m: 🚀 Server running on localhost:3000
[2025-08-31 09:02:36] [32minfo[39m: 📚 API Docs: http://localhost:3000/api-docs
[2025-08-31 09:02:45] [32minfo[39m: Starting Express application...
[2025-08-31 09:02:45] [32minfo[39m: 🚀 Starting server...
[2025-08-31 09:02:45] [32minfo[39m: 📦 Connecting to database...
[2025-08-31 09:02:45] [32minfo[39m: ✅ Connected to database
[2025-08-31 09:02:45] [32minfo[39m: 🔴 Connecting to Redis...
[2025-08-31 09:02:45] [32minfo[39m: ✅ Connected to Redis
[2025-08-31 09:02:45] [32minfo[39m: 🚀 Server running on localhost:3000
[2025-08-31 09:02:45] [32minfo[39m: 📚 API Docs: http://localhost:3000/api-docs
[2025-08-31 09:03:18] [32minfo[39m: Starting Express application...
[2025-08-31 09:03:18] [32minfo[39m: 🚀 Starting server...
[2025-08-31 09:03:18] [32minfo[39m: 📦 Connecting to database...
[2025-08-31 09:03:18] [32minfo[39m: ✅ Connected to database
[2025-08-31 09:03:18] [32minfo[39m: 🔴 Connecting to Redis...
[2025-08-31 09:03:18] [32minfo[39m: ✅ Connected to Redis
[2025-08-31 09:03:18] [32minfo[39m: 🚀 Server running on localhost:3000
[2025-08-31 09:03:18] [32minfo[39m: 📚 API Docs: http://localhost:3000/api-docs
[2025-08-31 09:04:05] [32minfo[39m: Starting Express application...
[2025-08-31 09:04:05] [32minfo[39m: 🚀 Starting server...
[2025-08-31 09:04:05] [32minfo[39m: 📦 Connecting to database...
[2025-08-31 09:04:05] [32minfo[39m: ✅ Connected to database
[2025-08-31 09:04:05] [32minfo[39m: 🔴 Connecting to Redis...
[2025-08-31 09:04:05] [32minfo[39m: ✅ Connected to Redis
[2025-08-31 09:04:05] [32minfo[39m: 🚀 Server running on localhost:3000
[2025-08-31 09:04:05] [32minfo[39m: 📚 API Docs: http://localhost:3000/api-docs
[2025-08-31 09:04:10] [32minfo[39m: Starting Express application...
[2025-08-31 09:04:10] [32minfo[39m: 🚀 Starting server...
[2025-08-31 09:04:10] [32minfo[39m: 📦 Connecting to database...
[2025-08-31 09:04:10] [32minfo[39m: ✅ Connected to database
[2025-08-31 09:04:10] [32minfo[39m: 🔴 Connecting to Redis...
[2025-08-31 09:04:10] [32minfo[39m: ✅ Connected to Redis
[2025-08-31 09:04:10] [32minfo[39m: 🚀 Server running on localhost:3000
[2025-08-31 09:04:10] [32minfo[39m: 📚 API Docs: http://localhost:3000/api-docs
[2025-08-31 09:04:49] [32minfo[39m: Starting Express application...
[2025-08-31 09:04:49] [32minfo[39m: 🚀 Starting server...
[2025-08-31 09:04:49] [32minfo[39m: 📦 Connecting to database...
[2025-08-31 09:04:49] [32minfo[39m: ✅ Connected to database
[2025-08-31 09:04:49] [32minfo[39m: 🔴 Connecting to Redis...
[2025-08-31 09:04:49] [32minfo[39m: ✅ Connected to Redis
[2025-08-31 09:04:49] [32minfo[39m: 🚀 Server running on localhost:3000
[2025-08-31 09:04:49] [32minfo[39m: 📚 API Docs: http://localhost:3000/api-docs
[2025-08-31 09:04:53] [32minfo[39m: Starting Express application...
[2025-08-31 09:04:53] [32minfo[39m: 🚀 Starting server...
[2025-08-31 09:04:53] [32minfo[39m: 📦 Connecting to database...
[2025-08-31 09:04:53] [32minfo[39m: ✅ Connected to database
[2025-08-31 09:04:53] [32minfo[39m: 🔴 Connecting to Redis...
[2025-08-31 09:04:53] [32minfo[39m: ✅ Connected to Redis
[2025-08-31 09:04:53] [32minfo[39m: 🚀 Server running on localhost:3000
[2025-08-31 09:04:53] [32minfo[39m: 📚 API Docs: http://localhost:3000/api-docs
[2025-08-31 09:05:25] [32minfo[39m: Starting Express application...
[2025-08-31 09:05:25] [32minfo[39m: 🚀 Starting server...
[2025-08-31 09:05:25] [32minfo[39m: 📦 Connecting to database...
[2025-08-31 09:05:25] [32minfo[39m: ✅ Connected to database
[2025-08-31 09:05:25] [32minfo[39m: 🔴 Connecting to Redis...
[2025-08-31 09:05:25] [32minfo[39m: ✅ Connected to Redis
[2025-08-31 09:05:25] [32minfo[39m: 🚀 Server running on localhost:3000
[2025-08-31 09:05:25] [32minfo[39m: 📚 API Docs: http://localhost:3000/api-docs
[2025-08-31 09:05:33] [32minfo[39m: Starting Express application...
[2025-08-31 09:05:33] [32minfo[39m: 🚀 Starting server...
[2025-08-31 09:05:33] [32minfo[39m: 📦 Connecting to database...
[2025-08-31 09:05:33] [32minfo[39m: ✅ Connected to database
[2025-08-31 09:05:33] [32minfo[39m: 🔴 Connecting to Redis...
[2025-08-31 09:05:33] [32minfo[39m: ✅ Connected to Redis
[2025-08-31 09:05:33] [32minfo[39m: 🚀 Server running on localhost:3000
[2025-08-31 09:05:33] [32minfo[39m: 📚 API Docs: http://localhost:3000/api-docs
[2025-08-31 09:05:48] [32minfo[39m: Starting Express application...
[2025-08-31 09:05:48] [32minfo[39m: 🚀 Starting server...
[2025-08-31 09:05:48] [32minfo[39m: 📦 Connecting to database...
[2025-08-31 09:05:48] [32minfo[39m: ✅ Connected to database
[2025-08-31 09:05:48] [32minfo[39m: 🔴 Connecting to Redis...
[2025-08-31 09:05:48] [32minfo[39m: ✅ Connected to Redis
[2025-08-31 09:05:48] [32minfo[39m: 🚀 Server running on localhost:3000
[2025-08-31 09:05:48] [32minfo[39m: 📚 API Docs: http://localhost:3000/api-docs
[2025-08-31 09:06:12] [32minfo[39m: Starting Express application...
[2025-08-31 09:06:12] [32minfo[39m: 🚀 Starting server...
[2025-08-31 09:06:12] [32minfo[39m: 📦 Connecting to database...
[2025-08-31 09:06:12] [32minfo[39m: ✅ Connected to database
[2025-08-31 09:06:12] [32minfo[39m: 🔴 Connecting to Redis...
[2025-08-31 09:06:12] [32minfo[39m: ✅ Connected to Redis
[2025-08-31 09:06:12] [32minfo[39m: 🚀 Server running on localhost:3000
[2025-08-31 09:06:12] [32minfo[39m: 📚 API Docs: http://localhost:3000/api-docs
[2025-08-31 09:07:22] [32minfo[39m: Starting Express application...
[2025-08-31 09:07:22] [32minfo[39m: 🚀 Starting server...
[2025-08-31 09:07:22] [32minfo[39m: 📦 Connecting to database...
[2025-08-31 09:07:22] [32minfo[39m: ✅ Connected to database
[2025-08-31 09:07:22] [32minfo[39m: 🔴 Connecting to Redis...
[2025-08-31 09:07:22] [32minfo[39m: ✅ Connected to Redis
[2025-08-31 09:07:22] [32minfo[39m: 🚀 Server running on localhost:3000
[2025-08-31 09:07:22] [32minfo[39m: 📚 API Docs: http://localhost:3000/api-docs
[2025-08-31 09:07:39] [32minfo[39m: Starting Express application...
[2025-08-31 09:07:39] [32minfo[39m: 🚀 Starting server...
[2025-08-31 09:07:39] [32minfo[39m: 📦 Connecting to database...
[2025-08-31 09:07:39] [32minfo[39m: ✅ Connected to database
[2025-08-31 09:07:39] [32minfo[39m: 🔴 Connecting to Redis...
[2025-08-31 09:07:39] [32minfo[39m: ✅ Connected to Redis
[2025-08-31 09:07:39] [32minfo[39m: 🚀 Server running on localhost:3000
[2025-08-31 09:07:39] [32minfo[39m: 📚 API Docs: http://localhost:3000/api-docs
[2025-08-31 09:07:41] [32minfo[39m: Starting Express application...
[2025-08-31 09:07:41] [32minfo[39m: 🚀 Starting server...
[2025-08-31 09:07:41] [32minfo[39m: 📦 Connecting to database...
[2025-08-31 09:07:41] [32minfo[39m: ✅ Connected to database
[2025-08-31 09:07:41] [32minfo[39m: 🔴 Connecting to Redis...
[2025-08-31 09:07:41] [32minfo[39m: ✅ Connected to Redis
[2025-08-31 09:07:41] [32minfo[39m: 🚀 Server running on localhost:3000
[2025-08-31 09:07:41] [32minfo[39m: 📚 API Docs: http://localhost:3000/api-docs
[2025-08-31 09:08:12] [32minfo[39m: 🚀 Starting server...
[2025-08-31 09:08:12] [32minfo[39m: 📦 Connecting to database...
[2025-08-31 09:08:12] [32minfo[39m: ✅ Connected to database
[2025-08-31 09:08:12] [32minfo[39m: 🔴 Connecting to Redis...
[2025-08-31 09:08:12] [32minfo[39m: ✅ Connected to Redis
[2025-08-31 09:08:12] [32minfo[39m: 🚀 Server running on localhost:3000
[2025-08-31 09:08:12] [32minfo[39m: 📚 API Docs: http://localhost:3000/api-docs
[2025-08-31 09:08:42] [32minfo[39m: 🚀 Starting server...
[2025-08-31 09:08:42] [32minfo[39m: 📦 Connecting to database...
[2025-08-31 09:08:42] [32minfo[39m: ✅ Connected to database
[2025-08-31 09:08:42] [32minfo[39m: 🔴 Connecting to Redis...
[2025-08-31 09:08:42] [32minfo[39m: ✅ Connected to Redis
[2025-08-31 09:08:42] [32minfo[39m: 🚀 Server running on localhost:3000
[2025-08-31 09:08:42] [32minfo[39m: 📚 API Docs: http://localhost:3000/api-docs
[2025-08-31 09:08:53] [32minfo[39m: 🚀 Starting server...
[2025-08-31 09:08:53] [32minfo[39m: 📦 Connecting to database...
[2025-08-31 09:08:53] [32minfo[39m: ✅ Connected to database
[2025-08-31 09:08:53] [32minfo[39m: 🔴 Connecting to Redis...
[2025-08-31 09:08:53] [32minfo[39m: ✅ Connected to Redis
[2025-08-31 09:08:53] [32minfo[39m: 🚀 Server running on localhost:3000
[2025-08-31 09:08:53] [32minfo[39m: 📚 API Docs: http://localhost:3000/api-docs
[2025-08-31 09:09:17] [32minfo[39m: 🚀 Starting server...
[2025-08-31 09:09:17] [32minfo[39m: 📦 Connecting to database...
[2025-08-31 09:09:17] [32minfo[39m: ✅ Connected to database
[2025-08-31 09:09:17] [32minfo[39m: 🔴 Connecting to Redis...
[2025-08-31 09:09:17] [32minfo[39m: ✅ Connected to Redis
[2025-08-31 09:09:17] [32minfo[39m: 🚀 Server running on localhost:3000
[2025-08-31 09:09:17] [32minfo[39m: 📚 API Docs: http://localhost:3000/api-docs
[2025-08-31 09:09:51] [32minfo[39m: 🚀 Starting server...
[2025-08-31 09:09:51] [32minfo[39m: 📦 Connecting to database...
[2025-08-31 09:09:51] [32minfo[39m: ✅ Connected to database
[2025-08-31 09:09:51] [32minfo[39m: 🔴 Connecting to Redis...
[2025-08-31 09:09:51] [32minfo[39m: ✅ Connected to Redis
[2025-08-31 09:09:51] [32minfo[39m: 🚀 Server running on localhost:3000
[2025-08-31 09:09:51] [32minfo[39m: 📚 API Docs: http://localhost:3000/api-docs
[2025-08-31 09:09:52] [32minfo[39m: 🚀 Starting server...
[2025-08-31 09:09:52] [32minfo[39m: 📦 Connecting to database...
[2025-08-31 09:09:52] [32minfo[39m: ✅ Connected to database
[2025-08-31 09:09:52] [32minfo[39m: 🔴 Connecting to Redis...
[2025-08-31 09:09:52] [32minfo[39m: ✅ Connected to Redis
[2025-08-31 09:09:52] [32minfo[39m: 🚀 Server running on localhost:3000
[2025-08-31 09:09:52] [32minfo[39m: 📚 API Docs: http://localhost:3000/api-docs
[2025-08-31 09:09:56] [32minfo[39m: 🚀 Starting server...
[2025-08-31 09:09:56] [32minfo[39m: 📦 Connecting to database...
[2025-08-31 09:09:56] [32minfo[39m: ✅ Connected to database
[2025-08-31 09:09:56] [32minfo[39m: 🔴 Connecting to Redis...
[2025-08-31 09:09:56] [32minfo[39m: ✅ Connected to Redis
[2025-08-31 09:09:56] [32minfo[39m: 🚀 Server running on localhost:3000
[2025-08-31 09:09:56] [32minfo[39m: 📚 API Docs: http://localhost:3000/api-docs
[2025-08-31 09:09:57] [32minfo[39m: 🚀 Starting server...
[2025-08-31 09:09:57] [32minfo[39m: 📦 Connecting to database...
[2025-08-31 09:09:57] [32minfo[39m: ✅ Connected to database
[2025-08-31 09:09:57] [32minfo[39m: 🔴 Connecting to Redis...
[2025-08-31 09:09:57] [32minfo[39m: ✅ Connected to Redis
[2025-08-31 09:09:57] [32minfo[39m: 🚀 Server running on localhost:3000
[2025-08-31 09:09:57] [32minfo[39m: 📚 API Docs: http://localhost:3000/api-docs
[2025-08-31 09:10:00] [32minfo[39m: 🚀 Starting server...
[2025-08-31 09:10:00] [32minfo[39m: 📦 Connecting to database...
[2025-08-31 09:10:00] [32minfo[39m: ✅ Connected to database
[2025-08-31 09:10:00] [32minfo[39m: 🔴 Connecting to Redis...
[2025-08-31 09:10:00] [32minfo[39m: ✅ Connected to Redis
[2025-08-31 09:10:01] [32minfo[39m: 🚀 Server running on localhost:3000
[2025-08-31 09:10:01] [32minfo[39m: 📚 API Docs: http://localhost:3000/api-docs
[2025-08-31 09:10:02] [32minfo[39m: 🚀 Starting server...
[2025-08-31 09:10:02] [32minfo[39m: 📦 Connecting to database...
[2025-08-31 09:10:02] [32minfo[39m: ✅ Connected to database
[2025-08-31 09:10:02] [32minfo[39m: 🔴 Connecting to Redis...
[2025-08-31 09:10:02] [32minfo[39m: ✅ Connected to Redis
[2025-08-31 09:10:02] [32minfo[39m: 🚀 Server running on localhost:3000
[2025-08-31 09:10:02] [32minfo[39m: 📚 API Docs: http://localhost:3000/api-docs
[2025-08-31 09:10:19] [32minfo[39m: 🚀 Starting server...
[2025-08-31 09:10:19] [32minfo[39m: 📦 Connecting to database...
[2025-08-31 09:10:19] [32minfo[39m: ✅ Connected to database
[2025-08-31 09:10:19] [32minfo[39m: 🔴 Connecting to Redis...
[2025-08-31 09:10:19] [32minfo[39m: ✅ Connected to Redis
[2025-08-31 09:10:19] [32minfo[39m: 🚀 Server running on localhost:3000
[2025-08-31 09:10:19] [32minfo[39m: 📚 API Docs: http://localhost:3000/api-docs
[2025-08-31 09:10:21] [32minfo[39m: 🚀 Starting server...
[2025-08-31 09:10:21] [32minfo[39m: 📦 Connecting to database...
[2025-08-31 09:10:21] [32minfo[39m: ✅ Connected to database
[2025-08-31 09:10:21] [32minfo[39m: 🔴 Connecting to Redis...
[2025-08-31 09:10:21] [32minfo[39m: ✅ Connected to Redis
[2025-08-31 09:10:21] [32minfo[39m: 🚀 Server running on localhost:3000
[2025-08-31 09:10:21] [32minfo[39m: 📚 API Docs: http://localhost:3000/api-docs
[2025-08-31 09:10:31] [32minfo[39m: 🚀 Starting server...
[2025-08-31 09:10:31] [32minfo[39m: 📦 Connecting to database...
[2025-08-31 09:10:31] [32minfo[39m: ✅ Connected to database
[2025-08-31 09:10:31] [32minfo[39m: 🔴 Connecting to Redis...
[2025-08-31 09:10:31] [32minfo[39m: ✅ Connected to Redis
[2025-08-31 09:10:31] [32minfo[39m: 🚀 Server running on localhost:3000
[2025-08-31 09:10:31] [32minfo[39m: 📚 API Docs: http://localhost:3000/api-docs
[2025-08-31 09:10:40] [32minfo[39m: 🚀 Starting server...
[2025-08-31 09:10:40] [32minfo[39m: 📦 Connecting to database...
[2025-08-31 09:10:40] [32minfo[39m: ✅ Connected to database
[2025-08-31 09:10:40] [32minfo[39m: 🔴 Connecting to Redis...
[2025-08-31 09:10:40] [32minfo[39m: ✅ Connected to Redis
[2025-08-31 09:10:40] [32minfo[39m: 🚀 Server running on localhost:3000
[2025-08-31 09:10:40] [32minfo[39m: 📚 API Docs: http://localhost:3000/api-docs
[2025-08-31 09:10:53] [32minfo[39m: 🚀 Starting server...
[2025-08-31 09:10:53] [32minfo[39m: 📦 Connecting to database...
[2025-08-31 09:10:53] [32minfo[39m: ✅ Connected to database
[2025-08-31 09:10:53] [32minfo[39m: 🔴 Connecting to Redis...
[2025-08-31 09:10:53] [32minfo[39m: ✅ Connected to Redis
[2025-08-31 09:10:53] [32minfo[39m: 🚀 Server running on localhost:3000
[2025-08-31 09:10:53] [32minfo[39m: 📚 API Docs: http://localhost:3000/api-docs
[2025-08-31 09:10:55] [32minfo[39m: 🚀 Starting server...
[2025-08-31 09:10:55] [32minfo[39m: 📦 Connecting to database...
[2025-08-31 09:10:55] [32minfo[39m: ✅ Connected to database
[2025-08-31 09:10:55] [32minfo[39m: 🔴 Connecting to Redis...
[2025-08-31 09:10:55] [32minfo[39m: ✅ Connected to Redis
[2025-08-31 09:10:55] [32minfo[39m: 🚀 Server running on localhost:3000
[2025-08-31 09:10:55] [32minfo[39m: 📚 API Docs: http://localhost:3000/api-docs
[2025-08-31 09:12:19] [32minfo[39m: 🚀 Starting server...
[2025-08-31 09:12:19] [32minfo[39m: 📦 Connecting to database...
[2025-08-31 09:12:19] [32minfo[39m: ✅ Connected to database
[2025-08-31 09:12:19] [32minfo[39m: 🔴 Connecting to Redis...
[2025-08-31 09:12:19] [32minfo[39m: ✅ Connected to Redis
[2025-08-31 09:12:19] [32minfo[39m: 🚀 Server running on localhost:3000
[2025-08-31 09:12:19] [32minfo[39m: 📚 API Docs: http://localhost:3000/api-docs
[2025-08-31 09:12:21] [32minfo[39m: 🚀 Starting server...
[2025-08-31 09:12:21] [32minfo[39m: 📦 Connecting to database...
[2025-08-31 09:12:21] [32minfo[39m: ✅ Connected to database
[2025-08-31 09:12:21] [32minfo[39m: 🔴 Connecting to Redis...
[2025-08-31 09:12:21] [32minfo[39m: ✅ Connected to Redis
[2025-08-31 09:12:21] [32minfo[39m: 🚀 Server running on localhost:3000
[2025-08-31 09:12:21] [32minfo[39m: 📚 API Docs: http://localhost:3000/api-docs
[2025-08-31 09:12:23] [32minfo[39m: 🚀 Starting server...
[2025-08-31 09:12:23] [32minfo[39m: 📦 Connecting to database...
[2025-08-31 09:12:23] [32minfo[39m: ✅ Connected to database
[2025-08-31 09:12:23] [32minfo[39m: 🔴 Connecting to Redis...
[2025-08-31 09:12:23] [32minfo[39m: ✅ Connected to Redis
[2025-08-31 09:12:23] [32minfo[39m: 🚀 Server running on localhost:3000
[2025-08-31 09:12:23] [32minfo[39m: 📚 API Docs: http://localhost:3000/api-docs
[2025-08-31 09:12:24] [32minfo[39m: 🚀 Starting server...
[2025-08-31 09:12:24] [32minfo[39m: 📦 Connecting to database...
[2025-08-31 09:12:24] [32minfo[39m: ✅ Connected to database
[2025-08-31 09:12:24] [32minfo[39m: 🔴 Connecting to Redis...
[2025-08-31 09:12:24] [32minfo[39m: ✅ Connected to Redis
[2025-08-31 09:12:24] [32minfo[39m: 🚀 Server running on localhost:3000
[2025-08-31 09:12:24] [32minfo[39m: 📚 API Docs: http://localhost:3000/api-docs
[2025-08-31 09:12:39] [32minfo[39m: 🚀 Starting server...
[2025-08-31 09:12:39] [32minfo[39m: 📦 Connecting to database...
[2025-08-31 09:12:39] [32minfo[39m: ✅ Connected to database
[2025-08-31 09:12:39] [32minfo[39m: 🔴 Connecting to Redis...
[2025-08-31 09:12:39] [32minfo[39m: ✅ Connected to Redis
[2025-08-31 09:12:39] [32minfo[39m: 🚀 Server running on localhost:3000
[2025-08-31 09:12:39] [32minfo[39m: 📚 API Docs: http://localhost:3000/api-docs
[2025-08-31 09:12:40] [32minfo[39m: 🚀 Starting server...
[2025-08-31 09:12:40] [32minfo[39m: 📦 Connecting to database...
[2025-08-31 09:12:40] [32minfo[39m: ✅ Connected to database
[2025-08-31 09:12:40] [32minfo[39m: 🔴 Connecting to Redis...
[2025-08-31 09:12:40] [32minfo[39m: ✅ Connected to Redis
[2025-08-31 09:12:40] [32minfo[39m: 🚀 Server running on localhost:3000
[2025-08-31 09:12:40] [32minfo[39m: 📚 API Docs: http://localhost:3000/api-docs
[2025-08-31 09:12:42] [32minfo[39m: 🚀 Starting server...
[2025-08-31 09:12:42] [32minfo[39m: 📦 Connecting to database...
[2025-08-31 09:12:42] [32minfo[39m: ✅ Connected to database
[2025-08-31 09:12:42] [32minfo[39m: 🔴 Connecting to Redis...
[2025-08-31 09:12:42] [32minfo[39m: ✅ Connected to Redis
[2025-08-31 09:12:42] [32minfo[39m: 🚀 Server running on localhost:3000
[2025-08-31 09:12:42] [32minfo[39m: 📚 API Docs: http://localhost:3000/api-docs
[2025-08-31 09:12:44] [32minfo[39m: 🚀 Starting server...
[2025-08-31 09:12:44] [32minfo[39m: 📦 Connecting to database...
[2025-08-31 09:12:44] [32minfo[39m: ✅ Connected to database
[2025-08-31 09:12:44] [32minfo[39m: 🔴 Connecting to Redis...
[2025-08-31 09:12:44] [32minfo[39m: ✅ Connected to Redis
[2025-08-31 09:12:44] [32minfo[39m: 🚀 Server running on localhost:3000
[2025-08-31 09:12:44] [32minfo[39m: 📚 API Docs: http://localhost:3000/api-docs
[2025-08-31 09:12:52] [32minfo[39m: 🚀 Starting server...
[2025-08-31 09:12:52] [32minfo[39m: 📦 Connecting to database...
[2025-08-31 09:12:52] [32minfo[39m: ✅ Connected to database
[2025-08-31 09:12:52] [32minfo[39m: 🔴 Connecting to Redis...
[2025-08-31 09:12:52] [32minfo[39m: ✅ Connected to Redis
[2025-08-31 09:12:52] [32minfo[39m: 🚀 Server running on localhost:3000
[2025-08-31 09:12:52] [32minfo[39m: 📚 API Docs: http://localhost:3000/api-docs
[2025-08-31 09:12:57] [32minfo[39m: 🚀 Starting server...
[2025-08-31 09:12:57] [32minfo[39m: 📦 Connecting to database...
[2025-08-31 09:12:57] [32minfo[39m: ✅ Connected to database
[2025-08-31 09:12:57] [32minfo[39m: 🔴 Connecting to Redis...
[2025-08-31 09:12:57] [32minfo[39m: ✅ Connected to Redis
[2025-08-31 09:12:57] [32minfo[39m: 🚀 Server running on localhost:3000
[2025-08-31 09:12:57] [32minfo[39m: 📚 API Docs: http://localhost:3000/api-docs
[2025-08-31 09:13:35] [32minfo[39m: 🚀 Starting server...
[2025-08-31 09:13:35] [32minfo[39m: 📦 Connecting to database...
[2025-08-31 09:13:35] [32minfo[39m: ✅ Connected to database
[2025-08-31 09:13:35] [32minfo[39m: 🔴 Connecting to Redis...
[2025-08-31 09:13:35] [32minfo[39m: ✅ Connected to Redis
[2025-08-31 09:13:35] [32minfo[39m: 🚀 Server running on localhost:3000
[2025-08-31 09:13:35] [32minfo[39m: 📚 API Docs: http://localhost:3000/api-docs
[2025-08-31 09:13:42] [32minfo[39m: 🚀 Starting server...
[2025-08-31 09:13:42] [32minfo[39m: 📦 Connecting to database...
[2025-08-31 09:13:42] [32minfo[39m: ✅ Connected to database
[2025-08-31 09:13:42] [32minfo[39m: 🔴 Connecting to Redis...
[2025-08-31 09:13:42] [32minfo[39m: ✅ Connected to Redis
[2025-08-31 09:13:42] [32minfo[39m: 🚀 Server running on localhost:3000
[2025-08-31 09:13:42] [32minfo[39m: 📚 API Docs: http://localhost:3000/api-docs
[2025-08-31 09:13:50] [32minfo[39m: 🚀 Starting server...
[2025-08-31 09:13:50] [32minfo[39m: 📦 Connecting to database...
[2025-08-31 09:13:50] [32minfo[39m: ✅ Connected to database
[2025-08-31 09:13:50] [32minfo[39m: 🔴 Connecting to Redis...
[2025-08-31 09:13:50] [32minfo[39m: ✅ Connected to Redis
[2025-08-31 09:13:50] [32minfo[39m: 🚀 Server running on localhost:3000
[2025-08-31 09:13:50] [32minfo[39m: 📚 API Docs: http://localhost:3000/api-docs
[2025-08-31 09:13:58] [32minfo[39m: 🚀 Starting server...
[2025-08-31 09:13:58] [32minfo[39m: 📦 Connecting to database...
[2025-08-31 09:13:58] [32minfo[39m: ✅ Connected to database
[2025-08-31 09:13:58] [32minfo[39m: 🔴 Connecting to Redis...
[2025-08-31 09:13:59] [32minfo[39m: ✅ Connected to Redis
[2025-08-31 09:13:59] [32minfo[39m: 🚀 Server running on localhost:3000
[2025-08-31 09:13:59] [32minfo[39m: 📚 API Docs: http://localhost:3000/api-docs
[2025-08-31 09:14:08] [32minfo[39m: 🚀 Starting server...
[2025-08-31 09:14:08] [32minfo[39m: 📦 Connecting to database...
[2025-08-31 09:14:08] [32minfo[39m: ✅ Connected to database
[2025-08-31 09:14:08] [32minfo[39m: 🔴 Connecting to Redis...
[2025-08-31 09:14:08] [32minfo[39m: ✅ Connected to Redis
[2025-08-31 09:14:08] [32minfo[39m: 🚀 Server running on localhost:3000
[2025-08-31 09:14:08] [32minfo[39m: 📚 API Docs: http://localhost:3000/api-docs
[2025-08-31 09:14:11] [32minfo[39m: 🚀 Starting server...
[2025-08-31 09:14:11] [32minfo[39m: 📦 Connecting to database...
[2025-08-31 09:14:11] [32minfo[39m: ✅ Connected to database
[2025-08-31 09:14:11] [32minfo[39m: 🔴 Connecting to Redis...
[2025-08-31 09:14:11] [32minfo[39m: ✅ Connected to Redis
[2025-08-31 09:14:11] [32minfo[39m: 🚀 Server running on localhost:3000
[2025-08-31 09:14:11] [32minfo[39m: 📚 API Docs: http://localhost:3000/api-docs
[2025-08-31 09:14:16] [32minfo[39m: 🚀 Starting server...
[2025-08-31 09:14:16] [32minfo[39m: 📦 Connecting to database...
[2025-08-31 09:14:16] [32minfo[39m: ✅ Connected to database
[2025-08-31 09:14:16] [32minfo[39m: 🔴 Connecting to Redis...
[2025-08-31 09:14:16] [32minfo[39m: ✅ Connected to Redis
[2025-08-31 09:14:16] [32minfo[39m: 🚀 Server running on localhost:3000
[2025-08-31 09:14:16] [32minfo[39m: 📚 API Docs: http://localhost:3000/api-docs
[2025-08-31 09:14:35] [32minfo[39m: 🚀 Starting server...
[2025-08-31 09:14:35] [32minfo[39m: 📦 Connecting to database...
[2025-08-31 09:14:35] [32minfo[39m: ✅ Connected to database
[2025-08-31 09:14:35] [32minfo[39m: 🔴 Connecting to Redis...
[2025-08-31 09:14:35] [32minfo[39m: ✅ Connected to Redis
[2025-08-31 09:14:35] [32minfo[39m: 🚀 Server running on localhost:3000
[2025-08-31 09:14:35] [32minfo[39m: 📚 API Docs: http://localhost:3000/api-docs
[2025-08-31 09:14:41] [32minfo[39m: 🚀 Starting server...
[2025-08-31 09:14:41] [32minfo[39m: 📦 Connecting to database...
[2025-08-31 09:14:41] [32minfo[39m: ✅ Connected to database
[2025-08-31 09:14:41] [32minfo[39m: 🔴 Connecting to Redis...
[2025-08-31 09:14:41] [32minfo[39m: ✅ Connected to Redis
[2025-08-31 09:14:41] [32minfo[39m: 🚀 Server running on localhost:3000
[2025-08-31 09:14:41] [32minfo[39m: 📚 API Docs: http://localhost:3000/api-docs
[2025-08-31 09:14:58] [32minfo[39m: 🚀 Starting server...
[2025-08-31 09:14:58] [32minfo[39m: 📦 Connecting to database...
[2025-08-31 09:14:58] [32minfo[39m: ✅ Connected to database
[2025-08-31 09:14:58] [32minfo[39m: 🔴 Connecting to Redis...
[2025-08-31 09:14:58] [32minfo[39m: ✅ Connected to Redis
[2025-08-31 09:14:58] [32minfo[39m: 🚀 Server running on localhost:3000
[2025-08-31 09:14:58] [32minfo[39m: 📚 API Docs: http://localhost:3000/api-docs
[2025-08-31 09:15:11] [32minfo[39m: 🚀 Starting server...
[2025-08-31 09:15:11] [32minfo[39m: 📦 Connecting to database...
[2025-08-31 09:15:11] [32minfo[39m: ✅ Connected to database
[2025-08-31 09:15:11] [32minfo[39m: 🔴 Connecting to Redis...
[2025-08-31 09:15:11] [32minfo[39m: ✅ Connected to Redis
[2025-08-31 09:15:11] [32minfo[39m: 🚀 Server running on localhost:3000
[2025-08-31 09:15:11] [32minfo[39m: 📚 API Docs: http://localhost:3000/api-docs
[2025-08-31 09:15:14] [32minfo[39m: 🚀 Starting server...
[2025-08-31 09:15:14] [32minfo[39m: 📦 Connecting to database...
[2025-08-31 09:15:14] [32minfo[39m: ✅ Connected to database
[2025-08-31 09:15:14] [32minfo[39m: 🔴 Connecting to Redis...
[2025-08-31 09:15:14] [32minfo[39m: ✅ Connected to Redis
[2025-08-31 09:15:14] [32minfo[39m: 🚀 Server running on localhost:3000
[2025-08-31 09:15:14] [32minfo[39m: 📚 API Docs: http://localhost:3000/api-docs
[2025-08-31 09:15:26] [32minfo[39m: 🚀 Starting server...
[2025-08-31 09:15:26] [32minfo[39m: 📦 Connecting to database...
[2025-08-31 09:15:26] [32minfo[39m: ✅ Connected to database
[2025-08-31 09:15:26] [32minfo[39m: 🔴 Connecting to Redis...
[2025-08-31 09:15:26] [32minfo[39m: ✅ Connected to Redis
[2025-08-31 09:15:26] [32minfo[39m: 🚀 Server running on localhost:3000
[2025-08-31 09:15:26] [32minfo[39m: 📚 API Docs: http://localhost:3000/api-docs
[2025-08-31 09:15:33] [32minfo[39m: 🚀 Starting server...
[2025-08-31 09:15:33] [32minfo[39m: 📦 Connecting to database...
[2025-08-31 09:15:33] [32minfo[39m: ✅ Connected to database
[2025-08-31 09:15:33] [32minfo[39m: 🔴 Connecting to Redis...
[2025-08-31 09:15:33] [32minfo[39m: ✅ Connected to Redis
[2025-08-31 09:15:33] [32minfo[39m: 🚀 Server running on localhost:3000
[2025-08-31 09:15:33] [32minfo[39m: 📚 API Docs: http://localhost:3000/api-docs
[2025-08-31 09:15:37] [32minfo[39m: 🚀 Starting server...
[2025-08-31 09:15:37] [32minfo[39m: 📦 Connecting to database...
[2025-08-31 09:15:37] [32minfo[39m: ✅ Connected to database
[2025-08-31 09:15:37] [32minfo[39m: 🔴 Connecting to Redis...
[2025-08-31 09:15:37] [32minfo[39m: ✅ Connected to Redis
[2025-08-31 09:15:37] [32minfo[39m: 🚀 Server running on localhost:3000
[2025-08-31 09:15:37] [32minfo[39m: 📚 API Docs: http://localhost:3000/api-docs
[2025-08-31 09:15:54] [32minfo[39m: 🚀 Starting server...
[2025-08-31 09:15:54] [32minfo[39m: 📦 Connecting to database...
[2025-08-31 09:15:54] [32minfo[39m: ✅ Connected to database
[2025-08-31 09:15:54] [32minfo[39m: 🔴 Connecting to Redis...
[2025-08-31 09:15:54] [32minfo[39m: ✅ Connected to Redis
[2025-08-31 09:15:54] [32minfo[39m: 🚀 Server running on localhost:3000
[2025-08-31 09:15:54] [32minfo[39m: 📚 API Docs: http://localhost:3000/api-docs
[2025-08-31 09:16:23] [32minfo[39m: 🚀 Starting server...
[2025-08-31 09:16:23] [32minfo[39m: 📦 Connecting to database...
[2025-08-31 09:16:23] [32minfo[39m: ✅ Connected to database
[2025-08-31 09:16:23] [32minfo[39m: 🔴 Connecting to Redis...
[2025-08-31 09:16:23] [32minfo[39m: ✅ Connected to Redis
[2025-08-31 09:16:23] [32minfo[39m: 🚀 Server running on localhost:3000
[2025-08-31 09:16:23] [32minfo[39m: 📚 API Docs: http://localhost:3000/api-docs
[2025-08-31 09:16:28] [32minfo[39m: 🚀 Starting server...
[2025-08-31 09:16:28] [32minfo[39m: 📦 Connecting to database...
[2025-08-31 09:16:28] [32minfo[39m: ✅ Connected to database
[2025-08-31 09:16:28] [32minfo[39m: 🔴 Connecting to Redis...
[2025-08-31 09:16:28] [32minfo[39m: ✅ Connected to Redis
[2025-08-31 09:16:28] [32minfo[39m: 🚀 Server running on localhost:3000
[2025-08-31 09:16:28] [32minfo[39m: 📚 API Docs: http://localhost:3000/api-docs
[2025-08-31 09:16:29] [32minfo[39m: 🚀 Starting server...
[2025-08-31 09:16:29] [32minfo[39m: 📦 Connecting to database...
[2025-08-31 09:16:29] [32minfo[39m: ✅ Connected to database
[2025-08-31 09:16:29] [32minfo[39m: 🔴 Connecting to Redis...
[2025-08-31 09:16:29] [32minfo[39m: ✅ Connected to Redis
[2025-08-31 09:16:29] [32minfo[39m: 🚀 Server running on localhost:3000
[2025-08-31 09:16:29] [32minfo[39m: 📚 API Docs: http://localhost:3000/api-docs
[2025-08-31 09:16:32] [32minfo[39m: 🚀 Starting server...
[2025-08-31 09:16:32] [32minfo[39m: 📦 Connecting to database...
[2025-08-31 09:16:32] [32minfo[39m: ✅ Connected to database
[2025-08-31 09:16:32] [32minfo[39m: 🔴 Connecting to Redis...
[2025-08-31 09:16:32] [32minfo[39m: ✅ Connected to Redis
[2025-08-31 09:16:32] [32minfo[39m: 🚀 Server running on localhost:3000
[2025-08-31 09:16:32] [32minfo[39m: 📚 API Docs: http://localhost:3000/api-docs
[2025-08-31 09:16:39] [32minfo[39m: 🚀 Starting server...
[2025-08-31 09:16:39] [32minfo[39m: 📦 Connecting to database...
[2025-08-31 09:16:39] [32minfo[39m: ✅ Connected to database
[2025-08-31 09:16:39] [32minfo[39m: 🔴 Connecting to Redis...
[2025-08-31 09:16:39] [32minfo[39m: ✅ Connected to Redis
[2025-08-31 09:16:39] [32minfo[39m: 🚀 Server running on localhost:3000
[2025-08-31 09:16:39] [32minfo[39m: 📚 API Docs: http://localhost:3000/api-docs
[2025-08-31 09:16:42] [32minfo[39m: 🚀 Starting server...
[2025-08-31 09:16:42] [32minfo[39m: 📦 Connecting to database...
[2025-08-31 09:16:42] [32minfo[39m: ✅ Connected to database
[2025-08-31 09:16:42] [32minfo[39m: 🔴 Connecting to Redis...
[2025-08-31 09:16:42] [32minfo[39m: ✅ Connected to Redis
[2025-08-31 09:16:42] [32minfo[39m: 🚀 Server running on localhost:3000
[2025-08-31 09:16:42] [32minfo[39m: 📚 API Docs: http://localhost:3000/api-docs
[2025-08-31 09:17:04] [32minfo[39m: 🚀 Starting server...
[2025-08-31 09:17:04] [32minfo[39m: 📦 Connecting to database...
[2025-08-31 09:17:04] [32minfo[39m: ✅ Connected to database
[2025-08-31 09:17:04] [32minfo[39m: 🔴 Connecting to Redis...
[2025-08-31 09:17:04] [32minfo[39m: ✅ Connected to Redis
[2025-08-31 09:17:04] [32minfo[39m: 🚀 Server running on localhost:3000
[2025-08-31 09:17:04] [32minfo[39m: 📚 API Docs: http://localhost:3000/api-docs
[2025-08-31 09:17:49] [32minfo[39m: 🚀 Starting server...
[2025-08-31 09:17:49] [32minfo[39m: 📦 Connecting to database...
[2025-08-31 09:17:49] [32minfo[39m: ✅ Connected to database
[2025-08-31 09:17:49] [32minfo[39m: 🔴 Connecting to Redis...
[2025-08-31 09:17:49] [32minfo[39m: ✅ Connected to Redis
[2025-08-31 09:17:49] [32minfo[39m: 🚀 Server running on localhost:3000
[2025-08-31 09:17:49] [32minfo[39m: 📚 API Docs: http://localhost:3000/api-docs
[2025-08-31 09:17:52] [32minfo[39m: 🚀 Starting server...
[2025-08-31 09:17:52] [32minfo[39m: 📦 Connecting to database...
[2025-08-31 09:17:52] [32minfo[39m: ✅ Connected to database
[2025-08-31 09:17:52] [32minfo[39m: 🔴 Connecting to Redis...
[2025-08-31 09:17:52] [32minfo[39m: ✅ Connected to Redis
[2025-08-31 09:17:52] [32minfo[39m: 🚀 Server running on localhost:3000
[2025-08-31 09:17:52] [32minfo[39m: 📚 API Docs: http://localhost:3000/api-docs
[2025-08-31 09:17:57] [32minfo[39m: 🚀 Starting server...
[2025-08-31 09:17:57] [32minfo[39m: 📦 Connecting to database...
[2025-08-31 09:17:57] [32minfo[39m: ✅ Connected to database
[2025-08-31 09:17:57] [32minfo[39m: 🔴 Connecting to Redis...
[2025-08-31 09:17:57] [32minfo[39m: ✅ Connected to Redis
[2025-08-31 09:17:57] [32minfo[39m: 🚀 Server running on localhost:3000
[2025-08-31 09:17:57] [32minfo[39m: 📚 API Docs: http://localhost:3000/api-docs
[2025-08-31 09:17:58] [32minfo[39m: 🚀 Starting server...
[2025-08-31 09:17:58] [32minfo[39m: 📦 Connecting to database...
[2025-08-31 09:17:58] [32minfo[39m: ✅ Connected to database
[2025-08-31 09:17:58] [32minfo[39m: 🔴 Connecting to Redis...
[2025-08-31 09:17:58] [32minfo[39m: ✅ Connected to Redis
[2025-08-31 09:17:58] [32minfo[39m: 🚀 Server running on localhost:3000
[2025-08-31 09:17:58] [32minfo[39m: 📚 API Docs: http://localhost:3000/api-docs
[2025-08-31 09:18:01] [32minfo[39m: 🚀 Starting server...
[2025-08-31 09:18:01] [32minfo[39m: 📦 Connecting to database...
[2025-08-31 09:18:01] [32minfo[39m: ✅ Connected to database
[2025-08-31 09:18:01] [32minfo[39m: 🔴 Connecting to Redis...
[2025-08-31 09:18:01] [32minfo[39m: ✅ Connected to Redis
[2025-08-31 09:18:01] [32minfo[39m: 🚀 Server running on localhost:3000
[2025-08-31 09:18:01] [32minfo[39m: 📚 API Docs: http://localhost:3000/api-docs
[2025-08-31 09:18:04] [32minfo[39m: 🚀 Starting server...
[2025-08-31 09:18:04] [32minfo[39m: 📦 Connecting to database...
[2025-08-31 09:18:04] [32minfo[39m: ✅ Connected to database
[2025-08-31 09:18:04] [32minfo[39m: 🔴 Connecting to Redis...
[2025-08-31 09:18:04] [32minfo[39m: ✅ Connected to Redis
[2025-08-31 09:18:04] [32minfo[39m: 🚀 Server running on localhost:3000
[2025-08-31 09:18:04] [32minfo[39m: 📚 API Docs: http://localhost:3000/api-docs
[2025-08-31 09:18:20] [32minfo[39m: 🚀 Starting server...
[2025-08-31 09:18:20] [32minfo[39m: 📦 Connecting to database...
[2025-08-31 09:18:20] [32minfo[39m: ✅ Connected to database
[2025-08-31 09:18:20] [32minfo[39m: 🔴 Connecting to Redis...
[2025-08-31 09:18:20] [32minfo[39m: ✅ Connected to Redis
[2025-08-31 09:18:20] [32minfo[39m: 🚀 Server running on localhost:3000
[2025-08-31 09:18:20] [32minfo[39m: 📚 API Docs: http://localhost:3000/api-docs
[2025-08-31 09:18:24] [32minfo[39m: 🚀 Starting server...
[2025-08-31 09:18:24] [32minfo[39m: 📦 Connecting to database...
[2025-08-31 09:18:24] [32minfo[39m: ✅ Connected to database
[2025-08-31 09:18:24] [32minfo[39m: 🔴 Connecting to Redis...
[2025-08-31 09:18:24] [32minfo[39m: ✅ Connected to Redis
[2025-08-31 09:18:24] [32minfo[39m: 🚀 Server running on localhost:3000
[2025-08-31 09:18:24] [32minfo[39m: 📚 API Docs: http://localhost:3000/api-docs
[2025-08-31 09:18:26] [32minfo[39m: 🚀 Starting server...
[2025-08-31 09:18:26] [32minfo[39m: 📦 Connecting to database...
[2025-08-31 09:18:26] [32minfo[39m: ✅ Connected to database
[2025-08-31 09:18:26] [32minfo[39m: 🔴 Connecting to Redis...
[2025-08-31 09:18:26] [32minfo[39m: ✅ Connected to Redis
[2025-08-31 09:18:26] [32minfo[39m: 🚀 Server running on localhost:3000
[2025-08-31 09:18:26] [32minfo[39m: 📚 API Docs: http://localhost:3000/api-docs
[2025-08-31 09:18:29] [32minfo[39m: 🚀 Starting server...
[2025-08-31 09:18:29] [32minfo[39m: 📦 Connecting to database...
[2025-08-31 09:18:29] [32minfo[39m: ✅ Connected to database
[2025-08-31 09:18:29] [32minfo[39m: 🔴 Connecting to Redis...
[2025-08-31 09:18:29] [32minfo[39m: ✅ Connected to Redis
[2025-08-31 09:18:29] [32minfo[39m: 🚀 Server running on localhost:3000
[2025-08-31 09:18:29] [32minfo[39m: 📚 API Docs: http://localhost:3000/api-docs
[2025-08-31 09:18:30] [32minfo[39m: 🚀 Starting server...
[2025-08-31 09:18:30] [32minfo[39m: 📦 Connecting to database...
[2025-08-31 09:18:30] [32minfo[39m: ✅ Connected to database
[2025-08-31 09:18:30] [32minfo[39m: 🔴 Connecting to Redis...
[2025-08-31 09:18:30] [32minfo[39m: ✅ Connected to Redis
[2025-08-31 09:18:30] [32minfo[39m: 🚀 Server running on localhost:3000
[2025-08-31 09:18:30] [32minfo[39m: 📚 API Docs: http://localhost:3000/api-docs
[2025-08-31 09:18:34] [32minfo[39m: 🚀 Starting server...
[2025-08-31 09:18:34] [32minfo[39m: 📦 Connecting to database...
[2025-08-31 09:18:34] [32minfo[39m: ✅ Connected to database
[2025-08-31 09:18:34] [32minfo[39m: 🔴 Connecting to Redis...
[2025-08-31 09:18:34] [32minfo[39m: ✅ Connected to Redis
[2025-08-31 09:18:34] [32minfo[39m: 🚀 Server running on localhost:3000
[2025-08-31 09:18:34] [32minfo[39m: 📚 API Docs: http://localhost:3000/api-docs
[2025-08-31 09:18:40] [32minfo[39m: 🚀 Starting server...
[2025-08-31 09:18:40] [32minfo[39m: 📦 Connecting to database...
[2025-08-31 09:18:40] [32minfo[39m: ✅ Connected to database
[2025-08-31 09:18:40] [32minfo[39m: 🔴 Connecting to Redis...
[2025-08-31 09:18:40] [32minfo[39m: ✅ Connected to Redis
[2025-08-31 09:18:40] [32minfo[39m: 🚀 Server running on localhost:3000
[2025-08-31 09:18:40] [32minfo[39m: 📚 API Docs: http://localhost:3000/api-docs
[2025-08-31 09:19:24] [32minfo[39m: 🚀 Starting server...
[2025-08-31 09:19:24] [32minfo[39m: 📦 Connecting to database...
[2025-08-31 09:19:24] [32minfo[39m: ✅ Connected to database
[2025-08-31 09:19:24] [32minfo[39m: 🔴 Connecting to Redis...
[2025-08-31 09:19:24] [32minfo[39m: ✅ Connected to Redis
[2025-08-31 09:19:24] [32minfo[39m: 🚀 Server running on localhost:3000
[2025-08-31 09:19:24] [32minfo[39m: 📚 API Docs: http://localhost:3000/api-docs
[2025-08-31 09:19:28] [32minfo[39m: 🚀 Starting server...
[2025-08-31 09:19:28] [32minfo[39m: 📦 Connecting to database...
[2025-08-31 09:19:28] [32minfo[39m: ✅ Connected to database
[2025-08-31 09:19:28] [32minfo[39m: 🔴 Connecting to Redis...
[2025-08-31 09:19:28] [32minfo[39m: ✅ Connected to Redis
[2025-08-31 09:19:28] [32minfo[39m: 🚀 Server running on localhost:3000
[2025-08-31 09:19:28] [32minfo[39m: 📚 API Docs: http://localhost:3000/api-docs
[2025-08-31 09:19:30] [32minfo[39m: 🚀 Starting server...
[2025-08-31 09:19:30] [32minfo[39m: 📦 Connecting to database...
[2025-08-31 09:19:30] [32minfo[39m: ✅ Connected to database
[2025-08-31 09:19:30] [32minfo[39m: 🔴 Connecting to Redis...
[2025-08-31 09:19:30] [32minfo[39m: ✅ Connected to Redis
[2025-08-31 09:19:30] [32minfo[39m: 🚀 Server running on localhost:3000
[2025-08-31 09:19:30] [32minfo[39m: 📚 API Docs: http://localhost:3000/api-docs
[2025-08-31 09:19:32] [32minfo[39m: 🚀 Starting server...
[2025-08-31 09:19:32] [32minfo[39m: 📦 Connecting to database...
[2025-08-31 09:19:32] [32minfo[39m: ✅ Connected to database
[2025-08-31 09:19:32] [32minfo[39m: 🔴 Connecting to Redis...
[2025-08-31 09:19:32] [32minfo[39m: ✅ Connected to Redis
[2025-08-31 09:19:32] [32minfo[39m: 🚀 Server running on localhost:3000
[2025-08-31 09:19:32] [32minfo[39m: 📚 API Docs: http://localhost:3000/api-docs
[2025-08-31 09:19:35] [32minfo[39m: 🚀 Starting server...
[2025-08-31 09:19:35] [32minfo[39m: 📦 Connecting to database...
[2025-08-31 09:19:35] [32minfo[39m: ✅ Connected to database
[2025-08-31 09:19:35] [32minfo[39m: 🔴 Connecting to Redis...
[2025-08-31 09:19:35] [32minfo[39m: ✅ Connected to Redis
[2025-08-31 09:19:35] [32minfo[39m: 🚀 Server running on localhost:3000
[2025-08-31 09:19:35] [32minfo[39m: 📚 API Docs: http://localhost:3000/api-docs
[2025-08-31 09:19:38] [32minfo[39m: 🚀 Starting server...
[2025-08-31 09:19:38] [32minfo[39m: 📦 Connecting to database...
[2025-08-31 09:19:38] [32minfo[39m: ✅ Connected to database
[2025-08-31 09:19:38] [32minfo[39m: 🔴 Connecting to Redis...
[2025-08-31 09:19:38] [32minfo[39m: ✅ Connected to Redis
[2025-08-31 09:19:38] [32minfo[39m: 🚀 Server running on localhost:3000
[2025-08-31 09:19:38] [32minfo[39m: 📚 API Docs: http://localhost:3000/api-docs
[2025-08-31 09:19:40] [32minfo[39m: 🚀 Starting server...
[2025-08-31 09:19:40] [32minfo[39m: 📦 Connecting to database...
[2025-08-31 09:19:40] [32minfo[39m: ✅ Connected to database
[2025-08-31 09:19:40] [32minfo[39m: 🔴 Connecting to Redis...
[2025-08-31 09:19:40] [32minfo[39m: ✅ Connected to Redis
[2025-08-31 09:19:40] [32minfo[39m: 🚀 Server running on localhost:3000
[2025-08-31 09:19:40] [32minfo[39m: 📚 API Docs: http://localhost:3000/api-docs
[2025-08-31 09:19:51] [32minfo[39m: 🚀 Starting server...
[2025-08-31 09:19:51] [32minfo[39m: 📦 Connecting to database...
[2025-08-31 09:19:51] [32minfo[39m: ✅ Connected to database
[2025-08-31 09:19:51] [32minfo[39m: 🔴 Connecting to Redis...
[2025-08-31 09:19:51] [32minfo[39m: ✅ Connected to Redis
[2025-08-31 09:19:51] [32minfo[39m: 🚀 Server running on localhost:3000
[2025-08-31 09:19:51] [32minfo[39m: 📚 API Docs: http://localhost:3000/api-docs
[2025-08-31 09:19:54] [32minfo[39m: 🚀 Starting server...
[2025-08-31 09:19:54] [32minfo[39m: 📦 Connecting to database...
[2025-08-31 09:19:54] [32minfo[39m: ✅ Connected to database
[2025-08-31 09:19:54] [32minfo[39m: 🔴 Connecting to Redis...
[2025-08-31 09:19:54] [32minfo[39m: ✅ Connected to Redis
[2025-08-31 09:19:54] [32minfo[39m: 🚀 Server running on localhost:3000
[2025-08-31 09:19:54] [32minfo[39m: 📚 API Docs: http://localhost:3000/api-docs
[2025-08-31 09:19:57] [32minfo[39m: 🚀 Starting server...
[2025-08-31 09:19:57] [32minfo[39m: 📦 Connecting to database...
[2025-08-31 09:19:57] [32minfo[39m: ✅ Connected to database
[2025-08-31 09:19:57] [32minfo[39m: 🔴 Connecting to Redis...
[2025-08-31 09:19:57] [32minfo[39m: ✅ Connected to Redis
[2025-08-31 09:19:57] [32minfo[39m: 🚀 Server running on localhost:3000
[2025-08-31 09:19:57] [32minfo[39m: 📚 API Docs: http://localhost:3000/api-docs
[2025-08-31 09:19:58] [32minfo[39m: 🚀 Starting server...
[2025-08-31 09:19:58] [32minfo[39m: 📦 Connecting to database...
[2025-08-31 09:19:58] [32minfo[39m: ✅ Connected to database
[2025-08-31 09:19:58] [32minfo[39m: 🔴 Connecting to Redis...
[2025-08-31 09:19:58] [32minfo[39m: ✅ Connected to Redis
[2025-08-31 09:19:58] [32minfo[39m: 🚀 Server running on localhost:3000
[2025-08-31 09:19:58] [32minfo[39m: 📚 API Docs: http://localhost:3000/api-docs
[2025-08-31 09:20:14] [32minfo[39m: SIGINT received, shutting down gracefully...
[2025-08-31 09:20:38] [32minfo[39m: 🚀 Starting server...
[2025-08-31 09:20:38] [32minfo[39m: 📦 Connecting to database...
[2025-08-31 09:20:38] [32minfo[39m: ✅ Connected to database
[2025-08-31 09:20:38] [32minfo[39m: 🔴 Connecting to Redis...
[2025-08-31 09:20:38] [32minfo[39m: ✅ Connected to Redis
[2025-08-31 09:20:38] [32minfo[39m: 🚀 Server running on localhost:3000
[2025-08-31 09:20:38] [32minfo[39m: 📚 API Docs: http://localhost:3000/api-docs
[2025-08-31 09:20:44] [32minfo[39m: 🚀 Starting server...
[2025-08-31 09:20:44] [32minfo[39m: 📦 Connecting to database...
[2025-08-31 09:20:44] [32minfo[39m: ✅ Connected to database
[2025-08-31 09:20:44] [32minfo[39m: 🔴 Connecting to Redis...
[2025-08-31 09:20:44] [32minfo[39m: ✅ Connected to Redis
[2025-08-31 09:20:44] [32minfo[39m: 🚀 Server running on localhost:3000
[2025-08-31 09:20:44] [32minfo[39m: 📚 API Docs: http://localhost:3000/api-docs
[2025-08-31 09:20:46] [32minfo[39m: SIGINT received, shutting down gracefully...
[2025-08-31 09:20:51] [32minfo[39m: 🚀 Starting server...
[2025-08-31 09:20:51] [32minfo[39m: 📦 Connecting to database...
[2025-08-31 09:20:51] [32minfo[39m: ✅ Connected to database
[2025-08-31 09:20:51] [32minfo[39m: 🔴 Connecting to Redis...
[2025-08-31 09:20:51] [32minfo[39m: ✅ Connected to Redis
[2025-08-31 09:20:51] [32minfo[39m: 🚀 Server running on localhost:3000
[2025-08-31 09:20:51] [32minfo[39m: 📚 API Docs: http://localhost:3000/api-docs
[2025-08-31 09:21:18] [32minfo[39m: 🚀 Starting server...
[2025-08-31 09:21:18] [32minfo[39m: 📦 Connecting to database...
[2025-08-31 09:21:18] [32minfo[39m: ✅ Connected to database
[2025-08-31 09:21:18] [32minfo[39m: 🔴 Connecting to Redis...
[2025-08-31 09:21:18] [32minfo[39m: ✅ Connected to Redis
[2025-08-31 09:21:18] [32minfo[39m: 🚀 Server running on localhost:3000
[2025-08-31 09:21:18] [32minfo[39m: 📚 API Docs: http://localhost:3000/api-docs
[2025-08-31 09:21:32] [32minfo[39m: 🚀 Starting server...
[2025-08-31 09:21:32] [32minfo[39m: 📦 Connecting to database...
[2025-08-31 09:21:32] [32minfo[39m: ✅ Connected to database
[2025-08-31 09:21:32] [32minfo[39m: 🔴 Connecting to Redis...
[2025-08-31 09:21:32] [32minfo[39m: ✅ Connected to Redis
[2025-08-31 09:21:32] [32minfo[39m: 🚀 Server running on localhost:3000
[2025-08-31 09:21:32] [32minfo[39m: 📚 API Docs: http://localhost:3000/api-docs
[2025-08-31 09:22:19] [32minfo[39m: 🚀 Starting server...
[2025-08-31 09:22:19] [32minfo[39m: 📦 Connecting to database...
[2025-08-31 09:22:19] [32minfo[39m: ✅ Connected to database
[2025-08-31 09:22:19] [32minfo[39m: 🔴 Connecting to Redis...
[2025-08-31 09:22:19] [32minfo[39m: ✅ Connected to Redis
[2025-08-31 09:22:19] [32minfo[39m: 🚀 Server running on localhost:3000
[2025-08-31 09:22:19] [32minfo[39m: 📚 API Docs: http://localhost:3000/api-docs
[2025-08-31 09:22:29] [32minfo[39m: 🚀 Starting server...
[2025-08-31 09:22:29] [32minfo[39m: 📦 Connecting to database...
[2025-08-31 09:22:29] [32minfo[39m: ✅ Connected to database
[2025-08-31 09:22:29] [32minfo[39m: 🔴 Connecting to Redis...
[2025-08-31 09:22:29] [32minfo[39m: ✅ Connected to Redis
[2025-08-31 09:22:29] [32minfo[39m: 🚀 Server running on localhost:3000
[2025-08-31 09:22:29] [32minfo[39m: 📚 API Docs: http://localhost:3000/api-docs
[2025-08-31 09:22:35] [32minfo[39m: 🚀 Starting server...
[2025-08-31 09:22:35] [32minfo[39m: 📦 Connecting to database...
[2025-08-31 09:22:35] [32minfo[39m: ✅ Connected to database
[2025-08-31 09:22:35] [32minfo[39m: 🔴 Connecting to Redis...
[2025-08-31 09:22:35] [32minfo[39m: ✅ Connected to Redis
[2025-08-31 09:22:35] [32minfo[39m: 🚀 Server running on localhost:3000
[2025-08-31 09:22:35] [32minfo[39m: 📚 API Docs: http://localhost:3000/api-docs
[2025-08-31 09:22:48] [32minfo[39m: 🚀 Starting server...
[2025-08-31 09:22:48] [32minfo[39m: 📦 Connecting to database...
[2025-08-31 09:22:48] [32minfo[39m: ✅ Connected to database
[2025-08-31 09:22:48] [32minfo[39m: 🔴 Connecting to Redis...
[2025-08-31 09:22:48] [32minfo[39m: ✅ Connected to Redis
[2025-08-31 09:22:48] [32minfo[39m: 🚀 Server running on localhost:3000
[2025-08-31 09:22:48] [32minfo[39m: 📚 API Docs: http://localhost:3000/api-docs
[2025-08-31 09:23:34] [32minfo[39m: 🚀 Starting server...
[2025-08-31 09:23:34] [32minfo[39m: 📦 Connecting to database...
[2025-08-31 09:23:34] [32minfo[39m: ✅ Connected to database
[2025-08-31 09:23:34] [32minfo[39m: 🔴 Connecting to Redis...
[2025-08-31 09:23:34] [32minfo[39m: ✅ Connected to Redis
[2025-08-31 09:23:34] [32minfo[39m: 🚀 Server running on localhost:3000
[2025-08-31 09:23:34] [32minfo[39m: 📚 API Docs: http://localhost:3000/api-docs
[2025-08-31 09:24:00] [32minfo[39m: SIGINT received, shutting down gracefully...
[2025-08-31 09:25:34] [32minfo[39m: 🚀 Starting server...
[2025-08-31 09:25:34] [32minfo[39m: 📦 Connecting to database...
[2025-08-31 09:25:34] [32minfo[39m: ✅ Connected to database
[2025-08-31 09:25:34] [32minfo[39m: 🔴 Connecting to Redis...
[2025-08-31 09:25:34] [32minfo[39m: ✅ Connected to Redis
[2025-08-31 09:25:34] [32minfo[39m: 🚀 Server running on localhost:3000
[2025-08-31 09:25:34] [32minfo[39m: 📚 API Docs: http://localhost:3000/api-docs
[2025-08-31 09:26:16] [32minfo[39m: SIGINT received, shutting down gracefully...
