[2025-08-31 13:48:38] [31merror[39m: Error: ❌ Twilio credentials not found
    at <anonymous> (C:\Users\adity\Desktop\betterShop\server\src\services\otp\whatsappOtp.ts:7:9)
    at ModuleJob.run (node:internal/modules/esm/module_job:271:25)
    at async onImport.tracePromise.__proto__ (node:internal/modules/esm/loader:578:26)
    at async asyncRunEntryPointWithESMLoader (node:internal/modules/run_main:116:5)
[2025-08-31 13:51:05] [31merror[39m: Error: ❌ Twilio credentials not found
    at file:///C:/Users/adity/Desktop/betterShop/server/dist/services/otp/whatsappOtp.js:6:11
    at ModuleJob.run (node:internal/modules/esm/module_job:271:25)
    at async onImport.tracePromise.__proto__ (node:internal/modules/esm/loader:578:26)
    at async asyncRunEntryPointWithESMLoader (node:internal/modules/run_main:116:5)
[2025-08-31 13:53:34] [31merror[39m: Error: ❌ Twilio credentials not found
    at file:///C:/Users/adity/Desktop/betterShop/server/dist/services/otp/whatsappOtp.js:6:11
    at ModuleJob.run (node:internal/modules/esm/module_job:271:25)
    at async onImport.tracePromise.__proto__ (node:internal/modules/esm/loader:578:26)
    at async asyncRunEntryPointWithESMLoader (node:internal/modules/run_main:116:5)
[2025-08-31 13:55:22] [31merror[39m: Error: ❌ Twilio credentials not found
    at file:///C:/Users/adity/Desktop/betterShop/server/dist/services/otp/whatsappOtp.js:6:11
    at ModuleJob.run (node:internal/modules/esm/module_job:271:25)
    at async onImport.tracePromise.__proto__ (node:internal/modules/esm/loader:578:26)
    at async asyncRunEntryPointWithESMLoader (node:internal/modules/run_main:116:5)
